Current configuration:

 - Base address           : 0x0000

 - Total bytes            :  00512

 - Columns per row        :     16

 - External memory type   :    RAM

 - Preloaded test message :   True

Ready.


Dump of the external memory:

0x0000: 2D 2D 2D 2D 20 54 49 54 4C 45 20 2D 2D 2D 2D 2D    - - - -   T I T L E   - - - - - 
0x0010: 20 20 20 20 20 20 20 20 20 20 20 20 20 20 20 20                                    
0x0020: 38 30 35 31 5F 45 58 54 4D 45 4D 5F 44 55 4D 50    8 0 5 1 _ E X T M E M _ D U M P 
0x0030: 20 20 20 20 20 20 20 20 20 20 20 20 20 20 20 20                                    
0x0040: 20 20 20 20 20 20 20 20 20 20 20 20 20 20 20 20                                    
0x0050: 2D 20 44 45 53 43 52 49 50 54 49 4F 4E 20 2D 2D    -   D E S C R I P T I O N   - - 
0x0060: 20 20 20 20 20 20 20 20 20 20 20 20 20 20 20 20                                    
0x0070: 45 78 74 65 72 6E 61 6C 20 6D 65 6D 6F 72 79 20    E x t e r n a l   m e m o r y   
0x0080: 64 75 6D 70 20 77 69 74 68 20 61 20 20 20 20 20    d u m p   w i t h   a           
0x0090: 4D 43 53 2D 35 31 20 66 61 6D 69 6C 79 20 75 43    M C S - 5 1   f a m i l y   u C 
0x00A0: 20 20 20 20 20 20 20 20 20 20 20 20 20 20 20 20                                    
0x00B0: 20 20 20 20 20 20 20 20 20 20 20 20 20 20 20 20                                    
0x00C0: 2D 2D 2D 2D 20 56 45 52 53 49 4F 4E 20 2D 2D 2D    - - - -   V E R S I O N   - - - 
0x00D0: 20 20 20 20 20 20 20 20 20 20 20 20 20 20 20 20                                    
0x00E0: 31 2E 30 2E 30 20 20 20 20 20 20 20 20 20 20 20    1 . 0 . 0                       
0x00F0: 20 20 20 20 20 20 20 20 20 20 20 20 20 20 20 20                                    
0x0100: 20 20 20 20 20 20 20 20 20 20 20 20 20 20 20 20                                    
0x0110: 2D 2D 2D 2D 20 41 55 54 48 4F 52 20 2D 2D 2D 2D    - - - -   A U T H O R   - - - - 
0x0120: 20 20 20 20 20 20 20 20 20 20 20 20 20 20 20 20                                    
0x0130: 4A 6F 72 67 65 20 42 6F 74 61 6E 61 20 20 20 20    J o r g e   B o t a n a         
0x0140: 4D 74 7A 2E 20 64 65 20 49 62 61 72 72 65 74 61    M t z .   d e   I b a r r e t a 
0x0150: 20 20 20 20 20 20 20 20 20 20 20 20 20 20 20 20                                    
0x0160: 20 20 20 20 20 20 20 20 20 20 20 20 20 20 20 20                                    
0x0170: 2D 2D 2D 20 4C 41 4E 47 55 41 47 45 20 2D 2D 2D    - - -   L A N G U A G E   - - - 
0x0180: 20 20 20 20 20 20 20 20 20 20 20 20 20 20 20 20                                    
0x0190: 4D 43 53 2D 35 31 20 61 73 73 65 6D 62 6C 79 20    M C S - 5 1   a s s e m b l y   
0x01A0: 20 20 20 20 20 20 20 20 20 20 20 20 20 20 20 20                                    
0x01B0: 20 20 20 20 20 20 20 20 20 20 20 20 20 20 20 20                                    
0x01C0: 2D 2D 2D 20 4C 49 43 45 4E 53 45 20 2D 2D 2D 2D    - - -   L I C E N S E   - - - - 
0x01D0: 20 20 20 20 20 20 20 20 20 20 20 20 20 20 20 20                                    
0x01E0: 4D 49 54 20 20 20 20 20 20 20 20 20 20 20 20 20    M I T                           
0x01F0: 00 00 00 00 00 00 00 00 00 00 00 00 00 00 00 00                    

Done.


